<?xml version="1.0" encoding="UTF-8"?>
<!-- Generated by org.testng.reporters.JUnitReportReporter -->
<testsuite hostname="DESKTOP-QBU6TI0" failures="0" tests="1" name="com.a.b.a" time="0.006" errors="0" timestamp="2024-04-22T17:18:33 IST" skipped="0">
  <testcase classname="com.a.b.a" name="af" time="0.006"/>
</testsuite> <!-- com.a.b.a -->
