<?xml version="1.0" encoding="UTF-8"?>
<!-- Generated by org.testng.reporters.JUnitReportReporter -->
<testsuite hostname="Bhavya" failures="0" tests="1" name="com.twitter.testcases.Login" time="13.004" errors="0" timestamp="25 Apr 2022 11:37:33 GMT" skipped="0">
  <testcase classname="com.twitter.testcases.Login" name="twitterLogin" time="13.004"/>
</testsuite> <!-- com.twitter.testcases.Login -->
